[Fri Oct 27 20:18:51 2023
] Error: E
[Fri Oct 27 20:18:51 2023
] Error: Hay un problema de simultanead con el vehiculo en la fila 2

[Fri Oct 27 20:18:51 2023
] Error: Hay vehiculos y baterias conectadas al mismo terminal al mismo tiempo
[Fri Oct 27 20:18:51 2023
] Error: Hay problemas de simultaneidad de elementos conectados al mismo terminal al mismo tiempo

[Fri Oct 27 20:18:51 2023
] Error: Fallo las entradas son incorrectas
[Fri Oct 27 20:26:14 2023
] Error: E
[Fri Oct 27 20:26:14 2023
] Error: Hay un problema de simultanead con el vehiculo en la fila 2

[Fri Oct 27 20:26:14 2023
] Error: Hay vehiculos y baterias conectadas al mismo terminal al mismo tiempo
[Fri Oct 27 20:26:14 2023
] Error: Hay problemas de simultaneidad de elementos conectados al mismo terminal al mismo tiempo

[Fri Oct 27 20:26:14 2023
] Error: Fallo las entradas son incorrectas
